
-----------------------------------------------------------------
  pg_upgrade run on Wed Apr 13 19:20:42 2016
-----------------------------------------------------------------

command: "/usr/local/Cellar/postgresql/9.3.5/bin/pg_ctl" -w -l "pg_upgrade_server.log" -D "/usr/local/var/postgres" -o "-p 50432 -c autovacuum=off -c autovacuum_freeze_max_age=2000000000  -c listen_addresses='' -c unix_socket_permissions=0700" start >> "pg_upgrade_server.log" 2>&1
pg_ctl: another server might be running; trying to start server anyway
waiting for server to start....LOG:  unrecognized configuration parameter "dynamic_shared_memory_type" in file "/usr/local/var/postgres/postgresql.conf" line 130
FATAL:  configuration file "/usr/local/var/postgres/postgresql.conf" contains errors
....
pg_ctl: this data directory appears to be running a pre-existing postmaster
 stopped waiting
pg_ctl: could not start server
Examine the log output.



-----------------------------------------------------------------
  pg_upgrade run on Wed Apr 13 19:21:28 2016
-----------------------------------------------------------------


-----------------------------------------------------------------
  pg_upgrade run on Wed Apr 13 19:29:51 2016
-----------------------------------------------------------------


-----------------------------------------------------------------
  pg_upgrade run on Wed Apr 13 19:30:19 2016
-----------------------------------------------------------------


-----------------------------------------------------------------
  pg_upgrade run on Wed Apr 13 19:32:25 2016
-----------------------------------------------------------------


-----------------------------------------------------------------
  pg_upgrade run on Wed Apr 13 19:33:42 2016
-----------------------------------------------------------------


-----------------------------------------------------------------
  pg_upgrade run on Wed Apr 13 19:35:29 2016
-----------------------------------------------------------------

