
-----------------------------------------------------------------
  pg_upgrade run on Wed Apr 13 19:20:42 2016
-----------------------------------------------------------------


*failure*
Consult the last few lines of "pg_upgrade_server.log" for
the probable cause of the failure.
There seems to be a postmaster servicing the old cluster.
Please shutdown that postmaster and try again.

-----------------------------------------------------------------
  pg_upgrade run on Wed Apr 13 19:21:28 2016
-----------------------------------------------------------------

Performing Consistency Checks
-----------------------------
Checking cluster versions                                   This utility can only upgrade to PostgreSQL version 9.4.

-----------------------------------------------------------------
  pg_upgrade run on Wed Apr 13 19:29:51 2016
-----------------------------------------------------------------

Performing Consistency Checks
-----------------------------
Checking cluster versions                                   This utility can only upgrade to PostgreSQL version 9.4.

-----------------------------------------------------------------
  pg_upgrade run on Wed Apr 13 19:30:19 2016
-----------------------------------------------------------------

Performing Consistency Checks
-----------------------------
Checking cluster versions                                   This utility can only upgrade to PostgreSQL version 9.4.

-----------------------------------------------------------------
  pg_upgrade run on Wed Apr 13 19:32:25 2016
-----------------------------------------------------------------

Performing Consistency Checks
-----------------------------
Checking cluster versions                                   Old cluster data and binary directories are from different major versions.
Running in verbose mode

-----------------------------------------------------------------
  pg_upgrade run on Wed Apr 13 19:33:42 2016
-----------------------------------------------------------------

Performing Consistency Checks
-----------------------------
Checking cluster versions                                   Old cluster data and binary directories are from different major versions.

-----------------------------------------------------------------
  pg_upgrade run on Wed Apr 13 19:35:29 2016
-----------------------------------------------------------------

You must identify the directory where the old cluster binaries reside.
Please use the -b command-line option or the PGBINOLD environment variable.
